<?xml version="1.0" encoding="UTF-8"?>
<!-- Generated by org.testng.reporters.JUnitReportReporter -->
<testsuite skipped="0" hostname="DESKTOP-9I7GBEA" name="FlipkartTest.LoginActionTest" tests="2" failures="0" timestamp="17 Jul 2020 19:21:46 GMT" time="4.735" errors="0">
  <testcase name="VerifyDealsOftheDay" time="0.528" classname="FlipkartTest.LoginActionTest"/>
  <testcase name="loginAndSelectiWatch" time="4.207" classname="FlipkartTest.LoginActionTest"/>
</testsuite> <!-- FlipkartTest.LoginActionTest -->
